<?xml version="1.0" encoding="UTF-8"?>
<!-- Generated by org.testng.reporters.JUnitReportReporter -->
<testsuite hostname="LAPTOP-4U0C4MMD" name="netlify.layout.Layoutone" tests="1" failures="0" timestamp="27 Oct 2023 09:17:13 GMT" time="14.910" errors="0">
  <testcase name="test_layoutone" time="14.910" classname="netlify.layout.Layoutone"/>
</testsuite> <!-- netlify.layout.Layoutone -->
