<?xml version="1.0" encoding="UTF-8"?>
<!-- Generated by org.testng.reporters.JUnitReportReporter -->
<testsuite hostname="LAPTOP-4U0C4MMD" name="netlify.layout.Layoutthree" tests="1" failures="0" timestamp="27 Oct 2023 09:29:31 GMT" time="11.293" errors="0">
  <testcase name="test_layoutthree" time="11.293" classname="netlify.layout.Layoutthree"/>
</testsuite> <!-- netlify.layout.Layoutthree -->
